Arguments: 
  /snap/node/6268/bin/node /snap/node/6268/bin/yarn.js global dir

PATH: 
  /usr/local/sbin:/usr/local/bin:/usr/sbin:/usr/bin:/sbin:/bin:/usr/games:/usr/local/games:/snap/bin

Yarn version: 
  1.22.18

Node version: 
  14.19.2

Platform: 
  linux x64

Trace: 
  Error: ../package.json: EACCES: permission denied, write
      at writeSync (fs.js:737:3)
      at SyncWriteStream._write (internal/fs/sync_write_stream.js:24:3)
      at writeOrBuffer (internal/streams/writable.js:358:12)
      at SyncWriteStream.Writable.write (internal/streams/writable.js:303:10)
      at ConsoleReporter.warn (/snap/node/6268/lib/cli.js:92848:17)
      at warn (/snap/node/6268/lib/cli.js:51318:23)
      at module.exports.exports.default (/snap/node/6268/lib/cli.js:37401:7)
      at /snap/node/6268/lib/cli.js:51329:51
      at Generator.next (<anonymous>)
      at step (/snap/node/6268/lib/cli.js:310:30)

npm manifest: 
  {
    "scripts": {
      "start": "expo start --dev-client",
      "android": "expo run:android",
      "ios": "expo run:ios",
      "web": "expo start --web",
      "eject": "expo eject"
    },
    "dependencies": {
      "@react-native-async-storage/async-storage": "~1.17.3",
      "@react-native-community/masked-view": "0.1.10",
      "@reduxjs/toolkit": "^1.6.1",
      "@svgr/webpack": "^6.2.1",
      "expo": "^45.0.0",
      "expo-app-loading": "~2.0.0",
      "expo-font": "~10.1.0",
      "expo-linear-gradient": "~11.3.0",
      "expo-splash-screen": "~0.15.1",
      "expo-sqlite": "~10.2.0",
      "expo-status-bar": "~1.3.0",
      "lottie-react-native": "5.0.1",
      "react": "17.0.2",
      "react-dom": "17.0.2",
      "react-native": "0.68.2",
      "react-native-elements": "^3.4.2",
      "react-native-gesture-handler": "~2.2.0",
      "react-native-paper": "^4.9.2",
      "react-native-radio-buttons-group": "^2.2.10",
      "react-native-reanimated": "~2.8.0",
      "react-native-safe-area-context": "4.2.4",
      "react-native-screens": "~3.11.1",
      "react-native-sound": "^0.11.2",
      "react-native-sound-player": "^0.10.0",
      "react-native-svg": "12.3.0",
      "react-native-svg-transformer": "^1.0.0",
      "react-native-switch-toggle": "^2.2.1",
      "react-native-table-component": "^1.2.2",
      "react-native-vector-icons": "^8.1.0",
      "react-native-web": "0.17.7",
      "react-navigation": "^4.4.4",
      "react-navigation-drawer": "^2.7.1",
      "react-navigation-header-buttons": "^6.3.1",
      "react-navigation-material-bottom-tabs": "^2.3.4",
      "react-navigation-stack": "^2.10.4",
      "react-navigation-tabs": "^2.11.1",
      "react-redux": "^7.2.5",
      "redux": "^4.1.1"
    },
    "devDependencies": {
      "@babel/core": "^7.12.9"
    },
    "private": true,
    "name": "rnqz1",
    "version": "1.0.0"
  }

yarn manifest: 
  No manifest

Lockfile: 
  No lockfile
